{"message":"linking with `cc` failed: exit status: 1","code":null,"level":"error","spans":[],"children":[{"message":"\"cc\" \"-arch\" \"arm64\" \"/Users/akram/Documents/DCS/bsc-project/test_files/rust/test_app/target/debug/deps/test_app-edf39cf64db34b30.qh1u02u5cnh999m.rcgu.o\" \"-L\" \"/Users/akram/Documents/DCS/bsc-project/test_files/rust/test_app/target/debug/deps\" \"-L\" \"/Users/akram/.rustup/toolchains/stable-aarch64-apple-darwin/lib/rustlib/aarch64-apple-darwin/lib\" \"/Users/akram/.rustup/toolchains/stable-aarch64-apple-darwin/lib/rustlib/aarch64-apple-darwin/lib/librustc_std_workspace_core-b5600cb14c277fae.rlib\" \"/Users/akram/.rustup/toolchains/stable-aarch64-apple-darwin/lib/rustlib/aarch64-apple-darwin/lib/libcore-760870d297bc6b81.rlib\" \"/Users/akram/.rustup/toolchains/stable-aarch64-apple-darwin/lib/rustlib/aarch64-apple-darwin/lib/libcompiler_builtins-931e7dc6a4f959e6.rlib\" \"-L\" \"/Users/akram/.rustup/toolchains/stable-aarch64-apple-darwin/lib/rustlib/aarch64-apple-darwin/lib\" \"-o\" \"/Users/akram/Documents/DCS/bsc-project/test_files/rust/test_app/target/debug/deps/test_app-edf39cf64db34b30\" \"-Wl,-dead_strip\" \"-nodefaultlibs\"","code":null,"level":"note","spans":[],"children":[],"rendered":null},{"message":"ld: entry point (_main) undefined. for architecture arm64\nclang: error: linker command failed with exit code 1 (use -v to see invocation)\n","code":null,"level":"note","spans":[],"children":[],"rendered":null}],"rendered":"\u001b[0m\u001b[1m\u001b[38;5;9merror\u001b[0m\u001b[0m\u001b[1m: linking with `cc` failed: exit status: 1\u001b[0m\n\u001b[0m  \u001b[0m\u001b[0m\u001b[1m\u001b[38;5;12m|\u001b[0m\n\u001b[0m  \u001b[0m\u001b[0m\u001b[1m\u001b[38;5;12m= \u001b[0m\u001b[0m\u001b[1mnote\u001b[0m\u001b[0m: \"cc\" \"-arch\" \"arm64\" \"/Users/akram/Documents/DCS/bsc-project/test_files/rust/test_app/target/debug/deps/test_app-edf39cf64db34b30.qh1u02u5cnh999m.rcgu.o\" \"-L\" \"/Users/akram/Documents/DCS/bsc-project/test_files/rust/test_app/target/debug/deps\" \"-L\" \"/Users/akram/.rustup/toolchains/stable-aarch64-apple-darwin/lib/rustlib/aarch64-apple-darwin/lib\" \"/Users/akram/.rustup/toolchains/stable-aarch64-apple-darwin/lib/rustlib/aarch64-apple-darwin/lib/librustc_std_workspace_core-b5600cb14c277fae.rlib\" \"/Users/akram/.rustup/toolchains/stable-aarch64-apple-darwin/lib/rustlib/aarch64-apple-darwin/lib/libcore-760870d297bc6b81.rlib\" \"/Users/akram/.rustup/toolchains/stable-aarch64-apple-darwin/lib/rustlib/aarch64-apple-darwin/lib/libcompiler_builtins-931e7dc6a4f959e6.rlib\" \"-L\" \"/Users/akram/.rustup/toolchains/stable-aarch64-apple-darwin/lib/rustlib/aarch64-apple-darwin/lib\" \"-o\" \"/Users/akram/Documents/DCS/bsc-project/test_files/rust/test_app/target/debug/deps/test_app-edf39cf64db34b30\" \"-Wl,-dead_strip\" \"-nodefaultlibs\"\u001b[0m\n\u001b[0m  \u001b[0m\u001b[0m\u001b[1m\u001b[38;5;12m= \u001b[0m\u001b[0m\u001b[1mnote\u001b[0m\u001b[0m: ld: entry point (_main) undefined. for architecture arm64\u001b[0m\n\u001b[0m          clang: error: linker command failed with exit code 1 (use -v to see invocation)\u001b[0m\n\u001b[0m          \u001b[0m\n\n"}
{"message":"aborting due to previous error","code":null,"level":"error","spans":[],"children":[],"rendered":"\u001b[0m\u001b[1m\u001b[38;5;9merror\u001b[0m\u001b[0m\u001b[1m: aborting due to previous error\u001b[0m\n\n"}
